TN:
SF:controllers\users\index.js
FNF:0
FNH:0
DA:1,1
DA:2,1
DA:3,1
DA:4,1
LF:4
LH:4
BRDA:1,0,0,1
BRF:1
BRH:1
end_of_record
TN:
SF:controllers\users\usersOop.js
FN:4,getCurrentUser
FN:25,login
FN:43,logout
FN:50,registration
FNF:4
FNH:1
FNDA:0,getCurrentUser
FNDA:0,login
FNDA:0,logout
FNDA:3,registration
DA:1,1
DA:2,1
DA:3,1
DA:4,1
DA:5,0
DA:6,0
DA:7,0
DA:8,0
DA:9,0
DA:10,0
DA:11,0
DA:12,0
DA:13,0
DA:14,0
DA:15,0
DA:16,0
DA:17,0
DA:18,0
DA:19,0
DA:20,0
DA:21,0
DA:22,0
DA:23,0
DA:24,1
DA:25,1
DA:26,0
DA:27,0
DA:28,0
DA:29,0
DA:30,0
DA:31,0
DA:32,0
DA:33,0
DA:34,0
DA:35,0
DA:36,0
DA:37,0
DA:38,0
DA:39,0
DA:40,0
DA:41,0
DA:42,1
DA:43,1
DA:44,0
DA:45,0
DA:46,0
DA:47,0
DA:48,0
DA:49,1
DA:50,1
DA:51,3
DA:52,3
DA:53,3
DA:54,3
DA:55,1
DA:56,1
DA:57,1
DA:58,1
DA:59,1
DA:60,1
DA:61,1
DA:62,1
DA:63,1
DA:64,1
DA:65,1
DA:66,1
DA:67,1
DA:68,3
DA:69,1
DA:70,1
DA:71,1
LF:71
LH:31
BRDA:1,0,0,1
BRDA:50,1,0,3
BRDA:54,2,0,2
BRDA:54,3,0,1
BRF:4
BRH:4
end_of_record
TN:
SF:lib\constants.js
FNF:0
FNH:0
DA:1,1
DA:2,1
DA:3,1
DA:4,1
DA:5,1
DA:6,1
DA:7,1
DA:8,1
DA:9,1
DA:10,1
DA:11,1
DA:12,1
DA:13,1
DA:14,1
DA:15,1
DA:16,1
DA:17,1
DA:18,1
DA:19,1
DA:20,1
DA:21,1
DA:22,1
DA:23,1
DA:24,1
DA:25,1
LF:25
LH:25
BRDA:1,0,0,1
BRF:1
BRH:1
end_of_record
TN:
SF:model\user.js
FN:18,validate
FN:42,default
FN:56,transform
FN:72,userSchema.methods.isValidPassword
FNF:4
FNH:0
FNDA:0,validate
FNDA:0,default
FNDA:0,transform
FNDA:0,userSchema.methods.isValidPassword
DA:1,1
DA:2,1
DA:3,1
DA:4,1
DA:5,1
DA:6,1
DA:7,1
DA:8,1
DA:9,1
DA:10,1
DA:11,1
DA:12,1
DA:13,1
DA:14,1
DA:15,1
DA:16,1
DA:17,1
DA:18,1
DA:19,0
DA:20,0
DA:21,1
DA:22,1
DA:23,1
DA:24,1
DA:25,1
DA:26,1
DA:27,1
DA:28,1
DA:29,1
DA:30,1
DA:31,1
DA:32,1
DA:33,1
DA:34,1
DA:35,1
DA:36,1
DA:37,1
DA:38,1
DA:39,1
DA:40,1
DA:41,1
DA:42,1
DA:43,0
DA:44,1
DA:45,1
DA:46,1
DA:47,1
DA:48,1
DA:49,1
DA:50,1
DA:51,1
DA:52,1
DA:53,1
DA:54,1
DA:55,1
DA:56,1
DA:57,0
DA:58,0
DA:59,1
DA:60,1
DA:61,1
DA:62,1
DA:63,1
DA:64,1
DA:65,0
DA:66,0
DA:67,0
DA:68,0
DA:69,0
DA:70,1
DA:71,1
DA:72,1
DA:73,0
DA:74,1
DA:75,1
DA:76,1
DA:77,1
DA:78,1
LF:78
LH:67
BRDA:1,0,0,1
BRF:1
BRH:1
end_of_record
TN:
SF:repository\users\createUser.js
FN:3,createUser
FNF:1
FNH:0
FNDA:0,createUser
DA:1,1
DA:2,1
DA:3,1
DA:4,0
DA:5,0
DA:6,1
DA:7,1
DA:8,1
LF:8
LH:6
BRDA:1,0,0,1
BRF:1
BRH:1
end_of_record
TN:
SF:repository\users\findByEmail.js
FN:3,findByEmail
FNF:1
FNH:0
FNDA:0,findByEmail
DA:1,1
DA:2,1
DA:3,1
DA:4,0
DA:5,1
DA:6,1
DA:7,1
LF:7
LH:6
BRDA:1,0,0,1
BRF:1
BRH:1
end_of_record
TN:
SF:repository\users\findById.js
FN:3,findById
FNF:1
FNH:0
FNDA:0,findById
DA:1,1
DA:2,1
DA:3,1
DA:4,0
DA:5,1
DA:6,1
DA:7,1
LF:7
LH:6
BRDA:1,0,0,1
BRF:1
BRH:1
end_of_record
TN:
SF:repository\users\index.js
FNF:0
FNH:0
DA:1,1
DA:2,1
DA:3,1
DA:4,1
DA:5,1
DA:6,1
DA:7,1
DA:8,1
DA:9,1
DA:10,1
DA:11,1
DA:12,1
DA:13,1
LF:13
LH:13
BRDA:1,0,0,1
BRF:1
BRH:1
end_of_record
TN:
SF:repository\users\updateAvatar.js
FN:3,updateAvatar
FNF:1
FNH:0
FNDA:0,updateAvatar
DA:1,1
DA:2,1
DA:3,1
DA:4,0
DA:5,1
DA:6,1
DA:7,1
LF:7
LH:6
BRDA:1,0,0,1
BRF:1
BRH:1
end_of_record
TN:
SF:repository\users\updateToken.js
FN:3,updateToken
FNF:1
FNH:0
FNDA:0,updateToken
DA:1,1
DA:2,1
DA:3,1
DA:4,0
DA:5,1
DA:6,1
LF:6
LH:5
BRDA:1,0,0,1
BRF:1
BRH:1
end_of_record
TN:
SF:service\userAuth\authService.js
FN:7,create
FN:21,getToken
FN:28,getUser
FN:37,isUserExist
FN:42,setToken
FNF:5
FNH:0
FNDA:0,create
FNDA:0,getToken
FNDA:0,getUser
FNDA:0,isUserExist
FNDA:0,setToken
DA:1,1
DA:2,1
DA:3,1
DA:4,1
DA:5,1
DA:6,1
DA:7,1
DA:8,0
DA:9,0
DA:10,0
DA:11,0
DA:12,0
DA:13,0
DA:14,0
DA:15,0
DA:16,0
DA:17,0
DA:18,0
DA:19,0
DA:20,1
DA:21,1
DA:22,0
DA:23,0
DA:24,0
DA:25,0
DA:26,0
DA:27,1
DA:28,1
DA:29,0
DA:30,0
DA:31,0
DA:32,0
DA:33,0
DA:34,0
DA:35,0
DA:36,1
DA:37,1
DA:38,0
DA:39,0
DA:40,0
DA:41,1
DA:42,1
DA:43,0
DA:44,0
DA:45,1
DA:46,1
DA:47,1
LF:47
LH:18
BRDA:1,0,0,1
BRF:1
BRH:1
end_of_record
